{
  "RSpec": {
    "coverage": {
      "/mnt/c/Users/shmueli/Google_Drive/0_SNHCC/070_2019_Spring/Service_Security_Soumya/Code/vitae-api/specs/test_load_all.rb": [
        null,
        null,
        null,
        1,
        1,
        null,
        1,
        1,
        null,
        1,
        36,
        null
      ],
      "/mnt/c/Users/shmueli/Google_Drive/0_SNHCC/070_2019_Spring/Service_Security_Soumya/Code/vitae-api/require_app.rb": [
        null,
        null,
        null,
        null,
        null,
        null,
        null,
        null,
        null,
        1,
        9,
        2,
        50,
        null,
        null
      ],
      "/mnt/c/Users/shmueli/Google_Drive/0_SNHCC/070_2019_Spring/Service_Security_Soumya/Code/vitae-api/config/environments.rb": [
        null,
        null,
        1,
        1,
        1,
        1,
        null,
        1,
        null,
        1,
        1,
        null,
        1,
        1,
        1,
        null,
        1,
        1,
        null,
        null,
        1,
        0,
        null,
        null,
        null,
        1,
        1,
        null,
        1,
        1,
        1,
        1,
        null,
        null,
        null,
        null,
        null,
        null,
        1,
        null,
        null,
        null,
        1,
        1,
        1,
        null,
        null,
        null,
        null,
        1,
        0,
        null,
        1,
        1,
        1,
        null,
        null,
        null
      ],
      "/mnt/c/Users/shmueli/Google_Drive/0_SNHCC/070_2019_Spring/Service_Security_Soumya/Code/vitae-api/app/lib/auth_scope.rb": [
        null,
        null,
        null,
        1,
        1,
        1,
        1,
        1,
        1,
        1,
        1,
        null,
        1,
        1,
        null,
        1,
        51,
        51,
        102,
        null,
        null,
        1,
        12,
        null,
        null,
        1,
        50,
        null,
        null,
        1,
        1,
        null,
        null,
        1,
        null,
        1,
        18,
        null,
        null,
        1,
        75,
        null,
        null,
        1,
        87,
        null,
        null,
        1,
        51,
        51,
        51,
        null,
        null
      ],
      "/mnt/c/Users/shmueli/Google_Drive/0_SNHCC/070_2019_Spring/Service_Security_Soumya/Code/vitae-api/app/lib/auth_token.rb": [
        null,
        null,
        1,
        1,
        null,
        null,
        null,
        null,
        null,
        1,
        1,
        null,
        1,
        1,
        1,
        1,
        1,
        null,
        1,
        1,
        null,
        null,
        1,
        46,
        null,
        null,
        46,
        null,
        null,
        null,
        1,
        45,
        45,
        null,
        null,
        null,
        1,
        46,
        null,
        46,
        46,
        46,
        null,
        null,
        null,
        1,
        45,
        null,
        45,
        45,
        45,
        null,
        0,
        null,
        null,
        1,
        46,
        null,
        null,
        1,
        45,
        null,
        0,
        null,
        null
      ],
      "/mnt/c/Users/shmueli/Google_Drive/0_SNHCC/070_2019_Spring/Service_Security_Soumya/Code/vitae-api/app/lib/securable.rb": [
        null,
        null,
        1,
        1,
        null,
        null,
        1,
        null,
        1,
        0,
        0,
        null,
        null,
        null,
        1,
        2,
        null,
        null,
        1,
        93,
        null,
        null,
        null,
        1,
        47,
        47,
        null,
        null,
        null,
        1,
        46,
        46,
        null,
        null
      ],
      "/mnt/c/Users/shmueli/Google_Drive/0_SNHCC/070_2019_Spring/Service_Security_Soumya/Code/vitae-api/app/lib/json_request_body.rb": [
        null,
        null,
        null,
        null,
        1,
        1,
        0,
        0,
        null,
        null
      ],
      "/mnt/c/Users/shmueli/Google_Drive/0_SNHCC/070_2019_Spring/Service_Security_Soumya/Code/vitae-api/app/lib/key_stretch.rb": [
        null,
        null,
        1,
        1,
        null,
        null,
        1,
        1,
        64,
        null,
        null,
        null,
        null,
        1,
        113,
        113,
        113,
        113,
        null,
        null,
        null,
        null,
        null,
        null,
        null,
        null
      ],
      "/mnt/c/Users/shmueli/Google_Drive/0_SNHCC/070_2019_Spring/Service_Security_Soumya/Code/vitae-api/app/lib/secure_db.rb": [
        null,
        null,
        1,
        null,
        null,
        1,
        1,
        null,
        null,
        1,
        1,
        null,
        1,
        1,
        null,
        null,
        null,
        1,
        1,
        null,
        1,
        1,
        null,
        null
      ],
      "/mnt/c/Users/shmueli/Google_Drive/0_SNHCC/070_2019_Spring/Service_Security_Soumya/Code/vitae-api/app/lib/secure_message.rb": [
        null,
        null,
        1,
        1,
        null,
        1,
        null,
        1,
        1,
        0,
        null,
        null,
        null,
        null,
        1,
        0,
        0,
        null,
        null,
        1,
        0,
        null,
        null,
        null,
        1,
        1,
        null,
        null,
        1,
        14,
        null,
        null,
        null,
        1,
        9,
        null,
        9,
        9,
        9,
        9,
        null,
        null,
        null,
        1,
        5,
        null,
        null,
        5,
        5,
        5,
        4,
        null,
        1,
        null,
        null,
        null
      ],
      "/mnt/c/Users/shmueli/Google_Drive/0_SNHCC/070_2019_Spring/Service_Security_Soumya/Code/vitae-api/app/lib/signed_request.rb": [
        null,
        null,
        1,
        1,
        null,
        null,
        1,
        1,
        null,
        1,
        5,
        5,
        null,
        null,
        1,
        0,
        0,
        null,
        null,
        0,
        null,
        null,
        null,
        null,
        1,
        3,
        3,
        null,
        null,
        null,
        1,
        null,
        2,
        null,
        2,
        null,
        null,
        2,
        null,
        null,
        null,
        null,
        1,
        null,
        1,
        3,
        2,
        2,
        null,
        1,
        null,
        null
      ],
      "/mnt/c/Users/shmueli/Google_Drive/0_SNHCC/070_2019_Spring/Service_Security_Soumya/Code/vitae-api/app/models/account.rb": [
        null,
        null,
        1,
        1,
        1,
        null,
        1,
        null,
        1,
        1,
        null,
        1,
        null,
        null,
        null,
        null,
        1,
        1,
        1,
        null,
        null,
        1,
        null,
        1,
        0,
        null,
        null,
        1,
        61,
        null,
        null,
        1,
        47,
        47,
        null,
        null,
        1,
        0,
        null,
        null,
        null,
        null,
        null,
        null,
        null,
        null,
        null,
        null,
        null,
        1,
        54,
        null,
        null,
        null,
        null,
        null,
        null,
        null,
        null,
        null,
        null,
        null,
        null,
        null,
        null,
        null,
        null,
        null
      ],
      "/mnt/c/Users/shmueli/Google_Drive/0_SNHCC/070_2019_Spring/Service_Security_Soumya/Code/vitae-api/app/models/password.rb": [
        null,
        null,
        1,
        1,
        null,
        1,
        null,
        1,
        1,
        null,
        1,
        113,
        113,
        null,
        null,
        1,
        49,
        49,
        null,
        null,
        1,
        64,
        null,
        null,
        null,
        null,
        1,
        null,
        1,
        64,
        64,
        64,
        null,
        null,
        1,
        49,
        49,
        49,
        49,
        null,
        null,
        null
      ],
      "/mnt/c/Users/shmueli/Google_Drive/0_SNHCC/070_2019_Spring/Service_Security_Soumya/Code/vitae-api/app/models/sheet.rb": [
        null,
        null,
        1,
        1,
        null,
        1,
        null,
        1,
        1,
        null,
        1,
        null,
        null,
        null,
        null,
        1,
        null,
        null,
        1,
        1,
        1,
        null,
        1,
        null,
        4,
        null,
        null,
        null,
        null,
        null,
        null,
        null,
        null,
        null,
        1,
        3,
        null,
        null,
        null,
        null,
        null,
        null,
        null,
        1,
        1,
        null,
        null,
        null,
        null
      ],
      "/mnt/c/Users/shmueli/Google_Drive/0_SNHCC/070_2019_Spring/Service_Security_Soumya/Code/vitae-api/app/services/add_remove_collab.rb": [
        null,
        null,
        1,
        null,
        1,
        null,
        1,
        1,
        3,
        null,
        null,
        1,
        1,
        1,
        null,
        null,
        null,
        1,
        6,
        null,
        5,
        5,
        5,
        null,
        4,
        null,
        null,
        null,
        null,
        null,
        4,
        null,
        2,
        2,
        2,
        null,
        null,
        null,
        1,
        null,
        1,
        1,
        2,
        null,
        null,
        1,
        1,
        0,
        null,
        null,
        null,
        1,
        3,
        null,
        2,
        2,
        2,
        null,
        2,
        null,
        null,
        null,
        null,
        null,
        2,
        null,
        1,
        1,
        null,
        null,
        null,
        1,
        null,
        null,
        null
      ],
      "/mnt/c/Users/shmueli/Google_Drive/0_SNHCC/070_2019_Spring/Service_Security_Soumya/Code/vitae-api/app/services/authenticate_account.rb": [
        null,
        null,
        1,
        null,
        1,
        null,
        1,
        1,
        0,
        null,
        null,
        1,
        0,
        null,
        null,
        null,
        1,
        null,
        45,
        45,
        null,
        0,
        null,
        45,
        null,
        null,
        1,
        null,
        45,
        null,
        null,
        null,
        null,
        null,
        null,
        null,
        null
      ],
      "/mnt/c/Users/shmueli/Google_Drive/0_SNHCC/070_2019_Spring/Service_Security_Soumya/Code/vitae-api/app/services/authorize_account.rb": [
        null,
        null,
        1,
        null,
        1,
        null,
        1,
        1,
        0,
        null,
        null,
        null,
        1,
        1,
        1,
        1,
        null,
        1,
        null,
        1,
        null,
        null,
        1,
        null,
        1,
        null,
        null,
        null,
        null,
        null,
        null,
        null,
        null
      ],
      "/mnt/c/Users/shmueli/Google_Drive/0_SNHCC/070_2019_Spring/Service_Security_Soumya/Code/vitae-api/app/services/authorize_sso.rb": [
        null,
        null,
        1,
        null,
        1,
        null,
        1,
        1,
        0,
        null,
        null,
        1,
        null,
        0,
        0,
        null,
        0,
        0,
        null,
        0,
        null,
        null,
        1,
        null,
        0,
        null,
        null,
        0,
        null,
        0,
        null,
        null,
        1,
        null,
        0,
        null,
        null,
        0,
        null,
        0,
        null,
        null,
        1,
        0,
        0,
        0,
        0,
        null,
        null,
        null,
        null,
        null,
        null,
        null,
        0,
        null,
        0,
        null,
        null,
        1,
        null,
        0,
        null,
        null,
        null,
        null,
        null,
        null,
        null,
        null,
        null
      ],
      "/mnt/c/Users/shmueli/Google_Drive/0_SNHCC/070_2019_Spring/Service_Security_Soumya/Code/vitae-api/app/services/create_sheet.rb": [
        null,
        null,
        1,
        null,
        1,
        null,
        1,
        1,
        1,
        null,
        null,
        null,
        1,
        30,
        29,
        null,
        29,
        null,
        null,
        null,
        null,
        29,
        null,
        null,
        null,
        null
      ],
      "/mnt/c/Users/shmueli/Google_Drive/0_SNHCC/070_2019_Spring/Service_Security_Soumya/Code/vitae-api/app/services/delete_sheet.rb": [
        null,
        null,
        1,
        null,
        1,
        1,
        1,
        2,
        null,
        null,
        null,
        1,
        1,
        2,
        null,
        null,
        null,
        1,
        5,
        null,
        4,
        4,
        null,
        2,
        null,
        null,
        null,
        null,
        null,
        2,
        null,
        1,
        1,
        null,
        null,
        null
      ],
      "/mnt/c/Users/shmueli/Google_Drive/0_SNHCC/070_2019_Spring/Service_Security_Soumya/Code/vitae-api/app/services/get_all_sheets.rb": [
        null,
        null,
        1,
        null,
        1,
        1,
        2,
        1,
        2,
        null,
        null,
        null,
        2,
        null,
        null,
        null,
        null
      ],
      "/mnt/c/Users/shmueli/Google_Drive/0_SNHCC/070_2019_Spring/Service_Security_Soumya/Code/vitae-api/app/services/get_sheet.rb": [
        null,
        null,
        1,
        null,
        1,
        null,
        1,
        1,
        1,
        null,
        null,
        null,
        null,
        1,
        1,
        1,
        null,
        null,
        null,
        1,
        3,
        null,
        3,
        3,
        null,
        2,
        null,
        null,
        null,
        null,
        2,
        null,
        1,
        null,
        null,
        null
      ],
      "/mnt/c/Users/shmueli/Google_Drive/0_SNHCC/070_2019_Spring/Service_Security_Soumya/Code/vitae-api/app/services/google_sheets.rb": [
        null,
        1,
        null,
        1,
        null,
        1,
        1,
        60,
        60,
        null,
        null,
        1,
        29,
        29,
        29,
        29,
        null,
        29,
        null,
        null,
        1,
        28,
        28,
        null,
        null,
        1,
        2,
        2,
        2,
        null,
        null,
        null,
        1,
        1,
        1,
        1,
        2,
        null,
        null,
        null,
        1,
        0,
        0,
        0,
        null,
        null,
        null,
        null,
        null,
        null,
        null,
        1,
        29,
        29,
        29,
        null,
        null,
        null,
        null,
        29,
        null,
        null,
        null
      ],
      "/mnt/c/Users/shmueli/Google_Drive/0_SNHCC/070_2019_Spring/Service_Security_Soumya/Code/vitae-api/app/services/render_and_download.rb": [
        1,
        null,
        1,
        1,
        1,
        3,
        null,
        null,
        1,
        3,
        3,
        3,
        3,
        13,
        13,
        13,
        22410,
        null,
        null,
        null,
        3,
        0,
        0,
        0,
        null,
        0,
        null,
        null,
        3,
        3,
        null,
        null,
        null,
        null
      ],
      "/mnt/c/Users/shmueli/Google_Drive/0_SNHCC/070_2019_Spring/Service_Security_Soumya/Code/vitae-api/app/services/verify_registration.rb": [
        null,
        null,
        1,
        null,
        1,
        null,
        1,
        null,
        1,
        null,
        1,
        null,
        1,
        0,
        0,
        null,
        null,
        1,
        0,
        0,
        null,
        0,
        null,
        null,
        1,
        0,
        null,
        null,
        1,
        0,
        null,
        null,
        1,
        0,
        null,
        0,
        null,
        null,
        null,
        null,
        null,
        null,
        null,
        null,
        null,
        null,
        null,
        null,
        1,
        0,
        null,
        null,
        null,
        null,
        null,
        null,
        null,
        null,
        null,
        null,
        null,
        null,
        null,
        null,
        null,
        null,
        0,
        0,
        null,
        null,
        null,
        null,
        null
      ],
      "/mnt/c/Users/shmueli/Google_Drive/0_SNHCC/070_2019_Spring/Service_Security_Soumya/Code/vitae-api/app/controllers/accounts.rb": [
        null,
        null,
        1,
        1,
        null,
        1,
        null,
        1,
        1,
        4,
        4,
        1,
        null,
        null,
        1,
        1,
        null,
        null,
        null,
        1,
        null,
        0,
        null,
        0,
        0,
        null,
        null,
        null,
        null,
        3,
        3,
        2,
        1,
        null,
        1,
        1,
        1,
        null,
        1,
        null,
        1,
        null,
        0,
        null,
        null,
        null,
        null
      ],
      "/mnt/c/Users/shmueli/Google_Drive/0_SNHCC/070_2019_Spring/Service_Security_Soumya/Code/vitae-api/app/controllers/app.rb": [
        null,
        null,
        1,
        1,
        1,
        null,
        1,
        null,
        1,
        1,
        1,
        1,
        1,
        1,
        null,
        1,
        33,
        33,
        null,
        null,
        null,
        33,
        33,
        null,
        0,
        null,
        null,
        33,
        1,
        null,
        null,
        32,
        32,
        32,
        32,
        null,
        null,
        null,
        null,
        null
      ],
      "/mnt/c/Users/shmueli/Google_Drive/0_SNHCC/070_2019_Spring/Service_Security_Soumya/Code/vitae-api/app/controllers/helpers.rb": [
        null,
        null,
        1,
        null,
        1,
        1,
        1,
        null,
        1,
        33,
        null,
        null,
        1,
        33,
        null,
        18,
        18,
        null,
        18,
        18,
        null,
        18,
        null,
        null,
        null,
        null
      ],
      "/mnt/c/Users/shmueli/Google_Drive/0_SNHCC/070_2019_Spring/Service_Security_Soumya/Code/vitae-api/app/controllers/auth.rb": [
        null,
        null,
        1,
        1,
        null,
        1,
        null,
        1,
        1,
        null,
        null,
        0,
        null,
        0,
        null,
        null,
        0,
        null,
        0,
        null,
        0,
        0,
        null,
        0,
        0,
        null,
        0,
        null,
        0,
        0,
        null,
        null,
        null,
        0,
        null,
        0,
        0,
        0,
        null,
        0,
        0,
        null,
        null,
        null,
        0,
        null,
        null,
        null,
        0,
        null,
        0,
        null,
        null,
        null,
        null,
        null,
        null,
        null
      ],
      "/mnt/c/Users/shmueli/Google_Drive/0_SNHCC/070_2019_Spring/Service_Security_Soumya/Code/vitae-api/app/controllers/download.rb": [
        null,
        null,
        1,
        null,
        1,
        null,
        1,
        1,
        null,
        1,
        6,
        6,
        5,
        5,
        null,
        5,
        4,
        1,
        0,
        null,
        1,
        null,
        null,
        4,
        3,
        null,
        3,
        1,
        1,
        1,
        1,
        1,
        null,
        null,
        2,
        null,
        1,
        1,
        null,
        null,
        1,
        0,
        null,
        1,
        null,
        null,
        1,
        null,
        null,
        null,
        null,
        1,
        null,
        3,
        null,
        null,
        null,
        null
      ],
      "/mnt/c/Users/shmueli/Google_Drive/0_SNHCC/070_2019_Spring/Service_Security_Soumya/Code/vitae-api/app/controllers/sheet.rb": [
        null,
        null,
        1,
        null,
        1,
        null,
        1,
        1,
        17,
        17,
        17,
        null,
        9,
        6,
        6,
        null,
        null,
        null,
        null,
        null,
        2,
        null,
        null,
        3,
        null,
        1,
        null,
        0,
        null,
        null,
        null,
        3,
        3,
        3,
        null,
        null,
        null,
        null,
        null,
        1,
        null,
        null,
        2,
        null,
        0,
        null,
        0,
        null,
        null,
        null,
        8,
        5,
        1,
        1,
        null,
        2,
        null,
        2,
        null,
        0,
        null,
        null,
        3,
        3,
        1,
        1,
        null,
        1,
        null,
        1,
        null,
        0,
        null,
        null,
        null,
        null,
        null
      ],
      "/mnt/c/Users/shmueli/Google_Drive/0_SNHCC/070_2019_Spring/Service_Security_Soumya/Code/vitae-api/app/controllers/sheets.rb": [
        null,
        null,
        1,
        1,
        null,
        1,
        null,
        1,
        1,
        null,
        5,
        2,
        1,
        null,
        1,
        null,
        null,
        null,
        3,
        3,
        null,
        3,
        null,
        3,
        null,
        null,
        null,
        null,
        2,
        1,
        null,
        1,
        1,
        1,
        null,
        1,
        null,
        1,
        null,
        null,
        null,
        null
      ],
      "/mnt/c/Users/shmueli/Google_Drive/0_SNHCC/070_2019_Spring/Service_Security_Soumya/Code/vitae-api/app/policies/account_policy.rb": [
        null,
        null,
        null,
        1,
        1,
        1,
        1,
        null,
        null,
        1,
        2,
        null,
        null,
        1,
        0,
        null,
        null,
        1,
        0,
        null,
        null,
        1,
        null,
        0,
        null,
        null,
        null,
        null,
        null,
        1,
        null,
        1,
        2,
        null,
        null
      ],
      "/mnt/c/Users/shmueli/Google_Drive/0_SNHCC/070_2019_Spring/Service_Security_Soumya/Code/vitae-api/app/policies/collaboration.rb": [
        null,
        null,
        1,
        null,
        1,
        1,
        6,
        6,
        6,
        6,
        6,
        6,
        null,
        null,
        1,
        4,
        4,
        null,
        null,
        1,
        2,
        2,
        null,
        null,
        1,
        null,
        1,
        6,
        null,
        null,
        1,
        2,
        null,
        null,
        null
      ],
      "/mnt/c/Users/shmueli/Google_Drive/0_SNHCC/070_2019_Spring/Service_Security_Soumya/Code/vitae-api/app/policies/sheet_policy.rb": [
        null,
        null,
        1,
        null,
        1,
        1,
        18,
        18,
        18,
        null,
        null,
        1,
        5,
        null,
        null,
        null,
        1,
        3,
        null,
        null,
        1,
        5,
        null,
        null,
        1,
        3,
        null,
        null,
        1,
        7,
        null,
        null,
        1,
        5,
        null,
        null,
        1,
        5,
        null,
        null,
        1,
        null,
        3,
        null,
        null,
        null,
        null,
        null,
        null,
        null,
        null,
        null,
        1,
        null,
        1,
        5,
        null,
        null,
        1,
        8,
        null,
        null,
        1,
        30,
        null,
        null,
        1,
        6,
        null,
        null,
        null
      ],
      "/mnt/c/Users/shmueli/Google_Drive/0_SNHCC/070_2019_Spring/Service_Security_Soumya/Code/vitae-api/app/policies/sheet_scope.rb": [
        null,
        null,
        1,
        null,
        1,
        null,
        1,
        1,
        1,
        1,
        1,
        1,
        null,
        null,
        1,
        1,
        1,
        null,
        0,
        0,
        null,
        null,
        null,
        null,
        1,
        null,
        1,
        1,
        null,
        null,
        1,
        0,
        null,
        null,
        null,
        null
      ],
      "/mnt/c/Users/shmueli/Google_Drive/0_SNHCC/070_2019_Spring/Service_Security_Soumya/Code/vitae-api/app/latex/lib/google_utils.rb": [
        null,
        1,
        1,
        null,
        1,
        1,
        null,
        5,
        5,
        null,
        null,
        1,
        0,
        null,
        null,
        1,
        0,
        0,
        0,
        null,
        null,
        1,
        0,
        null,
        null,
        1,
        0,
        null,
        null
      ],
      "/mnt/c/Users/shmueli/Google_Drive/0_SNHCC/070_2019_Spring/Service_Security_Soumya/Code/vitae-api/app/latex/lib/gsheet2latex.rb": [
        null,
        null,
        null,
        null,
        1,
        null,
        null,
        1,
        1,
        null,
        1,
        5,
        5,
        5,
        5,
        null,
        null,
        1,
        10,
        null,
        null,
        1,
        null,
        5,
        null,
        0,
        0,
        null,
        null,
        5,
        10,
        null,
        0,
        null,
        5,
        130,
        null,
        null,
        1,
        5,
        null,
        null
      ],
      "/mnt/c/Users/shmueli/Google_Drive/0_SNHCC/070_2019_Spring/Service_Security_Soumya/Code/vitae-api/app/latex/lib/wsheet.rb": [
        null,
        1,
        1,
        null,
        1,
        125,
        125,
        null,
        null,
        1,
        1315,
        null,
        null,
        1,
        27760,
        5885,
        5885,
        125,
        125,
        null,
        null,
        1,
        125,
        null,
        null,
        1,
        125,
        null,
        null,
        1,
        250,
        null,
        null,
        1,
        125,
        null,
        null,
        1,
        null,
        null,
        null,
        null,
        21875,
        null,
        null,
        null,
        null,
        493970,
        null,
        null,
        1,
        5,
        null,
        null,
        1,
        130,
        null,
        null,
        1,
        4010,
        null,
        null,
        null,
        1,
        3695,
        3695,
        null,
        null,
        1,
        5,
        null,
        null,
        1,
        1070,
        null,
        null,
        1,
        70,
        15,
        965,
        null,
        55,
        30,
        1010,
        null,
        null,
        25,
        440,
        null,
        null,
        70,
        null,
        null,
        1,
        5,
        null,
        null,
        1,
        125,
        null,
        null,
        1,
        80,
        null,
        null,
        1,
        0,
        null,
        null,
        1,
        125,
        325,
        null,
        0,
        null,
        null,
        1,
        125,
        null,
        null,
        1,
        125,
        null,
        null,
        1,
        5,
        5,
        5,
        null,
        null,
        1,
        75,
        null,
        75,
        null,
        null,
        1,
        125,
        null,
        3820,
        125,
        null,
        null
      ],
      "/mnt/c/Users/shmueli/Google_Drive/0_SNHCC/070_2019_Spring/Service_Security_Soumya/Code/vitae-api/app/latex/templates/plasmati.rb": [
        1,
        null,
        1,
        1,
        null,
        1,
        3,
        null,
        null,
        null,
        1,
        2,
        null,
        null,
        1,
        1,
        null,
        null,
        1,
        3,
        null,
        null,
        1,
        null,
        1,
        1872,
        1872,
        null,
        null,
        1,
        3,
        75,
        null,
        null,
        null,
        1,
        75,
        75,
        75,
        null,
        75,
        null,
        null,
        1,
        3,
        3,
        null,
        3,
        null,
        null,
        null,
        null,
        null,
        null,
        null,
        3,
        21,
        15,
        null,
        6,
        6,
        6,
        3,
        3,
        3,
        0,
        0,
        null,
        0,
        null,
        null,
        null,
        3,
        null,
        null,
        null,
        null,
        null,
        null,
        null,
        null,
        1,
        6,
        null,
        null,
        1,
        3,
        null,
        null,
        1,
        0,
        null,
        null,
        1,
        615,
        81,
        null,
        null,
        null,
        1,
        60,
        null,
        null,
        1,
        36,
        null,
        null,
        1,
        606,
        null,
        null,
        1,
        570,
        null,
        null,
        1,
        36,
        null,
        null,
        1,
        48,
        null,
        null,
        1,
        42,
        null,
        null,
        1,
        171,
        27,
        null,
        null,
        null,
        1,
        168,
        null,
        60,
        12,
        null,
        null,
        null,
        null,
        1,
        60,
        60,
        12,
        null,
        null,
        1,
        156,
        null,
        null,
        1,
        768,
        null,
        null,
        1,
        3,
        null,
        null,
        null,
        null,
        null,
        null,
        null,
        null,
        null,
        null,
        null,
        null,
        null,
        null,
        null,
        null,
        null,
        null,
        null,
        null,
        null,
        null,
        null,
        null,
        null,
        null,
        null,
        null,
        null,
        null,
        null,
        null,
        null,
        null,
        null,
        null,
        null,
        null,
        null,
        null,
        null,
        null,
        null,
        null,
        null,
        null,
        null,
        null,
        null,
        null,
        null,
        null,
        null,
        null,
        null,
        null,
        null,
        1,
        3,
        null,
        null
      ],
      "/mnt/c/Users/shmueli/Google_Drive/0_SNHCC/070_2019_Spring/Service_Security_Soumya/Code/vitae-api/app/latex/templates/taraborelli.rb": [
        1,
        null,
        1,
        1,
        null,
        1,
        2,
        null,
        null,
        null,
        1,
        1,
        null,
        null,
        1,
        0,
        null,
        null,
        1,
        2,
        null,
        null,
        1,
        null,
        1,
        2,
        50,
        null,
        null,
        null,
        1,
        442,
        442,
        null,
        null,
        1,
        2,
        2,
        2,
        2,
        2,
        2,
        14,
        10,
        null,
        4,
        4,
        4,
        2,
        2,
        2,
        0,
        0,
        null,
        0,
        null,
        null,
        null,
        2,
        2,
        null,
        null,
        1,
        4,
        null,
        null,
        1,
        2,
        null,
        null,
        1,
        0,
        null,
        null,
        1,
        50,
        50,
        50,
        null,
        50,
        null,
        null,
        1,
        18,
        18,
        410,
        30,
        null,
        380,
        380,
        76,
        null,
        304,
        null,
        null,
        null,
        18,
        null,
        null,
        1,
        28,
        null,
        null,
        1,
        null,
        null,
        null,
        null,
        null,
        null,
        null,
        null,
        null,
        null,
        null,
        null,
        null,
        null,
        null,
        null,
        null,
        null,
        null,
        null,
        null,
        null,
        null,
        null,
        null,
        null,
        null,
        null,
        null,
        null,
        null,
        1,
        2,
        null,
        null,
        null,
        null,
        null,
        null,
        null,
        null,
        null,
        null,
        null,
        null,
        null,
        null,
        null,
        null,
        null,
        null,
        null,
        null,
        null,
        null,
        null,
        null,
        null,
        null,
        null,
        null,
        null,
        null,
        null,
        null,
        null,
        null,
        null,
        null,
        null,
        null,
        null,
        null,
        null,
        null,
        null,
        null,
        null,
        null,
        null,
        null,
        null,
        null,
        null,
        null,
        null,
        null,
        null,
        null,
        null,
        null,
        null,
        null,
        1,
        2,
        null,
        null,
        null,
        null,
        1,
        2,
        null,
        null,
        null,
        null,
        null,
        null,
        null,
        null,
        null,
        null,
        null,
        null,
        null
      ],
      "/mnt/c/Users/shmueli/Google_Drive/0_SNHCC/070_2019_Spring/Service_Security_Soumya/Code/vitae-api/specs/integration/api_auth_spec.rb": [
        null,
        null,
        1,
        null,
        1,
        1,
        1,
        null,
        1,
        0,
        0,
        0,
        null,
        null,
        1,
        0,
        null,
        null,
        null,
        null,
        null,
        null,
        null,
        null,
        null,
        null,
        null,
        null,
        null,
        null,
        null,
        null,
        null,
        null,
        null,
        null,
        null,
        null,
        null,
        null,
        null,
        null,
        null,
        null,
        null,
        null,
        null,
        null,
        null,
        null,
        null,
        null,
        null,
        null,
        null
      ],
      "/mnt/c/Users/shmueli/Google_Drive/0_SNHCC/070_2019_Spring/Service_Security_Soumya/Code/vitae-api/specs/integration/api_sheets_spec.rb": [
        null,
        null,
        1,
        null,
        1,
        1,
        1,
        null,
        1,
        13,
        13,
        null,
        13,
        13,
        null,
        13,
        13,
        null,
        13,
        null,
        null,
        1,
        13,
        null,
        null,
        1,
        1,
        1,
        2,
        null,
        2,
        null,
        null,
        null,
        1,
        1,
        1,
        1,
        null,
        1,
        1,
        null,
        null,
        1,
        1,
        1,
        null,
        1,
        1,
        null,
        null,
        null,
        1,
        1,
        null,
        null,
        1,
        1,
        1,
        null,
        1,
        1,
        1,
        1,
        null,
        null,
        1,
        1,
        1,
        null,
        1,
        null,
        null,
        1,
        1,
        null,
        null,
        1,
        1,
        1,
        null,
        1,
        1,
        null,
        null,
        1,
        1,
        null,
        1,
        null,
        null,
        1,
        1,
        null,
        null,
        1,
        1,
        null,
        null,
        null,
        1,
        1,
        3,
        null,
        null,
        1,
        1,
        1,
        null,
        1,
        1,
        null,
        1,
        1,
        null,
        1,
        1,
        null,
        null,
        1,
        1,
        null,
        1,
        null,
        1,
        1,
        1,
        null,
        null,
        1,
        1,
        1,
        null,
        1,
        1,
        null,
        1,
        1,
        null,
        null,
        null,
        1,
        1,
        4,
        null,
        null,
        1,
        1,
        null,
        null,
        1,
        null,
        1,
        1,
        null,
        1,
        1,
        1,
        null,
        1,
        1,
        null,
        null,
        1,
        1,
        null,
        null,
        1,
        null,
        1,
        1,
        null,
        1,
        1,
        null,
        1,
        1,
        null,
        null,
        1,
        1,
        1,
        1,
        null,
        null,
        1,
        1,
        null,
        null,
        1,
        null,
        1,
        1,
        null,
        1,
        1,
        1,
        null,
        1,
        1,
        null,
        null,
        null
      ],
      "/mnt/c/Users/shmueli/Google_Drive/0_SNHCC/070_2019_Spring/Service_Security_Soumya/Code/vitae-api/specs/integration/api_spec.rb": [
        null,
        null,
        1,
        null,
        1,
        1,
        1,
        1,
        1,
        null,
        null,
        null
      ],
      "/mnt/c/Users/shmueli/Google_Drive/0_SNHCC/070_2019_Spring/Service_Security_Soumya/Code/vitae-api/specs/integration/collabs_spec.rb": [
        null,
        null,
        1,
        null,
        1,
        1,
        1,
        null,
        1,
        8,
        null,
        8,
        null,
        8,
        8,
        8,
        null,
        8,
        8,
        8,
        null,
        8,
        null,
        8,
        null,
        null,
        1,
        8,
        null,
        null,
        1,
        1,
        1,
        null,
        1,
        1,
        null,
        1,
        null,
        1,
        1,
        null,
        null,
        1,
        1,
        null,
        1,
        1,
        null,
        1,
        1,
        null,
        null,
        1,
        1,
        null,
        1,
        1,
        1,
        null,
        1,
        1,
        null,
        null,
        1,
        1,
        null,
        1,
        1,
        1,
        null,
        1,
        1,
        null,
        null,
        1,
        null,
        1,
        null,
        1,
        1,
        null,
        1,
        null,
        1,
        1,
        null,
        1,
        null,
        1,
        1,
        1,
        null,
        1,
        1,
        null,
        null,
        null,
        1,
        1,
        1,
        1,
        null,
        1,
        1,
        null,
        1,
        null,
        null,
        1,
        1,
        1,
        null,
        1,
        null,
        1,
        null,
        null,
        1,
        1,
        null,
        1,
        1,
        null,
        1,
        null,
        null,
        null
      ],
      "/mnt/c/Users/shmueli/Google_Drive/0_SNHCC/070_2019_Spring/Service_Security_Soumya/Code/vitae-api/specs/integration/templates_spec.rb": [
        null,
        null,
        1,
        null,
        1,
        1,
        2,
        null,
        null,
        null,
        2,
        2,
        2,
        15,
        11,
        null,
        null,
        2,
        null,
        null,
        null,
        1,
        1,
        null,
        1,
        1,
        1,
        null,
        1,
        8,
        null,
        null,
        8,
        8,
        8,
        8,
        8,
        null,
        8,
        null,
        null,
        1,
        8,
        null,
        null,
        1,
        1,
        1,
        1,
        null,
        1,
        null,
        null,
        1,
        1,
        1,
        1,
        null,
        1,
        null,
        null,
        1,
        1,
        1,
        1,
        null,
        1,
        1,
        1,
        null,
        null,
        1,
        1,
        1,
        1,
        null,
        1,
        1,
        1,
        null,
        null,
        1,
        1,
        1,
        null,
        1,
        1,
        null,
        null,
        1,
        1,
        1,
        1,
        null,
        1,
        1,
        null,
        null,
        1,
        1,
        1,
        1,
        null,
        1,
        1,
        null,
        null,
        1,
        1,
        1,
        1,
        null,
        1,
        1,
        null,
        null,
        null
      ],
      "/mnt/c/Users/shmueli/Google_Drive/0_SNHCC/070_2019_Spring/Service_Security_Soumya/Code/vitae-api/specs/unit/auth_spec.rb": [
        null,
        null,
        1,
        null,
        1,
        1,
        null,
        1,
        1,
        1,
        1,
        1,
        1,
        null,
        null,
        1,
        1,
        1,
        1,
        null,
        null,
        1,
        1,
        1,
        1,
        null,
        null,
        1,
        1,
        1,
        1,
        null,
        null,
        1,
        1,
        1,
        1,
        1,
        1,
        null,
        null
      ],
      "/mnt/c/Users/shmueli/Google_Drive/0_SNHCC/070_2019_Spring/Service_Security_Soumya/Code/vitae-api/specs/unit/passwords_spec.rb": [
        null,
        null,
        1,
        null,
        1,
        1,
        1,
        1,
        null,
        1,
        null,
        null,
        1,
        1,
        1,
        null,
        1,
        1,
        null,
        null,
        1,
        1,
        1,
        1,
        null,
        1,
        1,
        null,
        null
      ],
      "/mnt/c/Users/shmueli/Google_Drive/0_SNHCC/070_2019_Spring/Service_Security_Soumya/Code/vitae-api/specs/unit/secure_spec.rb": [
        null,
        null,
        1,
        null,
        1,
        1,
        1,
        1,
        1,
        1,
        null,
        1,
        1,
        null,
        null,
        1,
        1,
        1,
        1,
        1,
        null,
        1,
        1,
        null,
        null,
        null
      ]
    },
    "timestamp": 1561268310
  }
}
